#
# There is insufficient memory for the Java Runtime Environment to continue.
# Native memory allocation (mmap) failed to map 134217728 bytes for Failed to commit area from 0x0000000081a00000 to 0x0000000089a00000 of length 134217728.
# Possible reasons:
#   The system is out of physical RAM or swap space
#   The process is running with CompressedOops enabled, and the Java Heap may be blocking the growth of the native heap
# Possible solutions:
#   Reduce memory load on the system
#   Increase physical memory or swap space
#   Check if swap backing store is full
#   Decrease Java heap size (-Xmx/-Xms)
#   Decrease number of Java threads
#   Decrease Java thread stack sizes (-Xss)
#   Set larger code cache with -XX:ReservedCodeCacheSize=
# This output file may be truncated or incomplete.
#
#  Out of Memory Error (./src/hotspot/os/windows/os_windows.cpp:3303), pid=3420, tid=7916
#
# JRE version:  (11.0.7+10) (build )
# Java VM: OpenJDK 64-Bit Server VM (11.0.7+10-b765.53, mixed mode, sharing, tiered, compressed oops, g1 gc, windows-amd64)
# No core dump will be written. Minidumps are not enabled by default on client versions of Windows
#

---------------  S U M M A R Y ------------

Command Line: org.jetbrains.git4idea.http.GitAskPassApp Username for 'https://github.com': 

Host: Intel(R) Core(TM) i5-7300HQ CPU @ 2.50GHz, 4 cores, 7G,  Windows 10 , 64 bit Build 18362 (10.0.18362.1082)
Time: Mon Sep 14 12:02:24 2020 ?D1ú±ê×?ê±?? elapsed time: 0 seconds (0d 0h 0m 0s)

---------------  T H R E A D  ---------------

Current thread (0x000002851fbc3800):  JavaThread "Unknown thread" [_thread_in_vm, id=7916, stack(0x000000869a400000,0x000000869a500000)]

Stack: [0x000000869a400000,0x000000869a500000]
Native frames: (J=compiled Java code, j=interpreted, Vv=VM code, C=native code)
V  [jvm.dll+0x5dda4a]
V  [jvm.dll+0x711595]
V  [jvm.dll+0x712aed]
V  [jvm.dll+0x7131a3]
V  [jvm.dll+0x23e368]
V  [jvm.dll+0x5daf04]
V  [jvm.dll+0x5d0085]
V  [jvm.dll+0x2fb0cb]
V  [jvm.dll+0x2fb03a]
V  [jvm.dll+0x2faf12]
V  [jvm.dll+0x2ffdf6]
V  [jvm.dll+0x348393]
V  [jvm.dll+0x348a96]
V  [jvm.dll+0x348493]
V  [jvm.dll+0x2d59e8]
V  [jvm.dll+0x2d6b87]
V  [jvm.dll+0x6f04e7]
V  [jvm.dll+0x6f1cdc]
V  [jvm.dll+0x355909]
V  [jvm.dll+0x6d42ae]
V  [jvm.dll+0x3bda13]
V  [jvm.dll+0x3bfc51]
C  [jli.dll+0x5363]
C  [ucrtbase.dll+0x20e82]
C  [KERNEL32.DLL+0x17bd4]
C  [ntdll.dll+0x6ce51]


---------------  P R O C E S S  ---------------

Threads class SMR info:
_java_thread_list=0x000002851db15960, length=0, elements={
}

Java Threads: ( => current thread )

Other Threads:
  0x000002851fbdc000 GCTaskThread "GC Thread#0" [stack: 0x000000869a500000,0x000000869a600000] [id=13604]
  0x000002851fc0c000 ConcurrentGCThread "G1 Main Marker" [stack: 0x000000869a600000,0x000000869a700000] [id=2580]
  0x000002851fc0d800 ConcurrentGCThread "G1 Conc#0" [stack: 0x000000869a700000,0x000000869a800000] [id=8032]

[error occurred during error reporting (printing all threads), id 0xc0000005, EXCEPTION_ACCESS_VIOLATION (0xc0000005) at pc=0x00007ff9e1af5fc7]

VM state:not at safepoint (not fully initialized)

VM Mutex/Monitor currently owned by a thread:  ([mutex/lock_event])
[0x000002851fbbe140] Heap_lock - owner thread: 0x000002851fbc3800

Heap address: 0x0000000081a00000, size: 2022 MB, Compressed Oops mode: Non-zero based: 0x0000000081a00000
Narrow klass base: 0x0000000000000000, Narrow klass shift: 0

GC Heap History (0 events):
No events

Deoptimization events (0 events):
No events

Classes redefined (0 events):
No events

Internal exceptions (0 events):
No events

Events (2 events):
Event: 0.009 Loaded shared library C:\Program Files\JetBrains\IntelliJ IDEA 2020.1.2\jbr\bin\zip.dll
Event: 0.010 Loaded shared library C:\Program Files\JetBrains\IntelliJ IDEA 2020.1.2\jbr\bin\jimage.dll


Dynamic libraries:
0x00007ff7bc160000 - 0x00007ff7bc16a000 	C:\Program Files\JetBrains\IntelliJ IDEA 2020.1.2\jbr\bin\java.exe
0x00007ffa1f5a0000 - 0x00007ffa1f790000 	C:\WINDOWS\SYSTEM32\ntdll.dll
0x00007ffa1ed00000 - 0x00007ffa1edb2000 	C:\WINDOWS\System32\KERNEL32.DLL
0x00007ffa1c7d0000 - 0x00007ffa1ca75000 	C:\WINDOWS\System32\KERNELBASE.dll
0x00007ffa1c6d0000 - 0x00007ffa1c7ca000 	C:\WINDOWS\System32\ucrtbase.dll
0x00007ffa00fd0000 - 0x00007ffa00fe7000 	C:\Program Files\JetBrains\IntelliJ IDEA 2020.1.2\jbr\bin\VCRUNTIME140.dll
0x00007ffa13110000 - 0x00007ffa13129000 	C:\Program Files\JetBrains\IntelliJ IDEA 2020.1.2\jbr\bin\jli.dll
0x00007ffa1e5d0000 - 0x00007ffa1e765000 	C:\WINDOWS\System32\USER32.dll
0x00007ffa1d620000 - 0x00007ffa1d641000 	C:\WINDOWS\System32\win32u.dll
0x00007ffa1f460000 - 0x00007ffa1f486000 	C:\WINDOWS\System32\GDI32.dll
0x00007ffa1cbc0000 - 0x00007ffa1cd56000 	C:\WINDOWS\System32\gdi32full.dll
0x00007ffa1caa0000 - 0x00007ffa1cb3e000 	C:\WINDOWS\System32\msvcp_win.dll
0x00007ffa0cfd0000 - 0x00007ffa0d254000 	C:\WINDOWS\WinSxS\amd64_microsoft.windows.common-controls_6595b64144ccf1df_6.0.18362.1082_none_9e8193e1e45b25c1\COMCTL32.dll
0x00007ffa1edc0000 - 0x00007ffa1ee5e000 	C:\WINDOWS\System32\msvcrt.dll
0x00007ffa1e200000 - 0x00007ffa1e535000 	C:\WINDOWS\System32\combase.dll
0x00007ffa1e9a0000 - 0x00007ffa1eac0000 	C:\WINDOWS\System32\RPCRT4.dll
0x00007ffa1cb40000 - 0x00007ffa1cbc0000 	C:\WINDOWS\System32\bcryptPrimitives.dll
0x00007ffa1ecd0000 - 0x00007ffa1ecfe000 	C:\WINDOWS\System32\IMM32.DLL
0x00007ff9fb950000 - 0x00007ff9fb9ed000 	C:\Program Files\JetBrains\IntelliJ IDEA 2020.1.2\jbr\bin\msvcp140.dll
0x00007ff9e1810000 - 0x00007ff9e22cb000 	C:\Program Files\JetBrains\IntelliJ IDEA 2020.1.2\jbr\bin\server\jvm.dll
0x00007ffa1d700000 - 0x00007ffa1d7a3000 	C:\WINDOWS\System32\ADVAPI32.dll
0x00007ffa1eed0000 - 0x00007ffa1ef67000 	C:\WINDOWS\System32\sechost.dll
0x00007ffa1d810000 - 0x00007ffa1d818000 	C:\WINDOWS\System32\PSAPI.DLL
0x00007ffa14cc0000 - 0x00007ffa14cc9000 	C:\WINDOWS\SYSTEM32\WSOCK32.dll
0x00007ffa13e30000 - 0x00007ffa13e3a000 	C:\WINDOWS\SYSTEM32\VERSION.dll
0x00007ffa1ee60000 - 0x00007ffa1eecf000 	C:\WINDOWS\System32\WS2_32.dll
0x00007ffa1a060000 - 0x00007ffa1a084000 	C:\WINDOWS\SYSTEM32\WINMM.dll
0x00007ffa19be0000 - 0x00007ffa19c0d000 	C:\WINDOWS\SYSTEM32\winmmbase.dll
0x00007ffa1c530000 - 0x00007ffa1c57a000 	C:\WINDOWS\System32\cfgmgr32.dll
0x00007ffa1c470000 - 0x00007ffa1c481000 	C:\WINDOWS\System32\kernel.appcore.dll
0x00007ffa14330000 - 0x00007ffa14341000 	C:\Program Files\JetBrains\IntelliJ IDEA 2020.1.2\jbr\bin\verify.dll
0x00007ffa1ae40000 - 0x00007ffa1b034000 	C:\WINDOWS\SYSTEM32\DBGHELP.DLL
0x00007ffa05680000 - 0x00007ffa056aa000 	C:\WINDOWS\SYSTEM32\dbgcore.DLL
0x00007ffa13130000 - 0x00007ffa13159000 	C:\Program Files\JetBrains\IntelliJ IDEA 2020.1.2\jbr\bin\java.dll
0x00007ffa08720000 - 0x00007ffa08738000 	C:\Program Files\JetBrains\IntelliJ IDEA 2020.1.2\jbr\bin\zip.dll
0x00007ffa14310000 - 0x00007ffa1431b000 	C:\Program Files\JetBrains\IntelliJ IDEA 2020.1.2\jbr\bin\jimage.dll

dbghelp: loaded successfully - version: 4.0.5 - missing functions: none
symbol engine: initialized successfully - sym options: 0x614 - pdb path: .;C:\Program Files\JetBrains\IntelliJ IDEA 2020.1.2\jbr\bin;C:\WINDOWS\SYSTEM32;C:\WINDOWS\WinSxS\amd64_microsoft.windows.common-controls_6595b64144ccf1df_6.0.18362.1082_none_9e8193e1e45b25c1;C:\Program Files\JetBrains\IntelliJ IDEA 2020.1.2\jbr\bin\server

VM Arguments:
java_command: org.jetbrains.git4idea.http.GitAskPassApp Username for 'https://github.com': 
java_class_path (initial): C:/Program Files/JetBrains/IntelliJ IDEA 2020.1.2/plugins/git4idea/lib/git4idea-rt.jar;C:/Program Files/JetBrains/IntelliJ IDEA 2020.1.2/lib/xmlrpc-2.0.1.jar;C:/Program Files/JetBrains/IntelliJ IDEA 2020.1.2/lib/commons-codec-1.14.jar;C:/Program Files/JetBrains/IntelliJ IDEA 2020.1.2/lib/util.jar
Launcher Type: SUN_STANDARD

[Global flags]
     intx CICompilerCount                          = 3                                         {product} {ergonomic}
     uint ConcGCThreads                            = 1                                         {product} {ergonomic}
     uint G1ConcRefinementThreads                  = 4                                         {product} {ergonomic}
   size_t G1HeapRegionSize                         = 1048576                                   {product} {ergonomic}
    uintx GCDrainStackTargetSize                   = 64                                        {product} {ergonomic}
   size_t InitialHeapSize                          = 134217728                                 {product} {ergonomic}
   size_t MarkStackSize                            = 4194304                                   {product} {ergonomic}
   size_t MaxHeapSize                              = 2120220672                                {product} {ergonomic}
   size_t MinHeapDeltaBytes                        = 1048576                                   {product} {ergonomic}
    uintx NonNMethodCodeHeapSize                   = 5830732                                {pd product} {ergonomic}
    uintx NonProfiledCodeHeapSize                  = 122913754                              {pd product} {ergonomic}
    uintx ProfiledCodeHeapSize                     = 122913754                              {pd product} {ergonomic}
    uintx ReservedCodeCacheSize                    = 251658240                              {pd product} {ergonomic}
     bool SegmentedCodeCache                       = true                                      {product} {ergonomic}
     bool UseCompressedClassPointers               = true                                 {lp64_product} {ergonomic}
     bool UseCompressedOops                        = true                                 {lp64_product} {ergonomic}
     bool UseG1GC                                  = true                                      {product} {ergonomic}
     bool UseLargePagesIndividualAllocation        = false                                  {pd product} {ergonomic}

Logging:
Log output configuration:
 #0: stdout all=warning uptime,level,tags
 #1: stderr all=off uptime,level,tags

Environment Variables:
JAVA_HOME=C:\Program Files\Java\jdk-9.0.4
CLASSPATH=.;C:\Program Files\Java\jdk-9.0.4\lib\dt.jar;C:\Program Files\Java\jdk-9.0.4\lib\tools.jar
PATH=C:\Program Files (x86)\Git\mingw32\libexec\git-core;C:\Program Files (x86)\Git\mingw32\libexec\git-core;C:\Program Files (x86)\Git\mingw32\bin;C:\Program Files (x86)\Git\usr\bin;C:\Users\心有林夕\bin;C:\Program Files\Java\jdk-9.0.4\bin;C:\Program Files\Java\jdk-9.0.4\jre\bin;E:\tomcat\apache-maven-3.6.3\bin;C:\WINDOWS\system32;C:\WINDOWS;C:\WINDOWS\System32\Wbem;C:\WINDOWS\System32\WindowsPowerShell\v1.0;C:\Program Files\PuTTY;C:\Users\心有林夕\AppData\Local\Programs\Python\Python38\Scripts;C:\Users\心有林夕\AppData\Local\Programs\Python\Python38;C:\Users\心有林夕\AppData\Local\Microsoft\WindowsApps;E:\tomcat\apache-tomcat-8.5.40\bin
USERNAME=心有林夕
DISPLAY=:0.0
OS=Windows_NT
PROCESSOR_IDENTIFIER=Intel64 Family 6 Model 158 Stepping 9, GenuineIntel



---------------  S Y S T E M  ---------------

OS: Windows 10 , 64 bit Build 18362 (10.0.18362.1082)
OS uptime: 0 days 1:43 hours

CPU:total 4 (initial active 4) (4 cores per cpu, 1 threads per core) family 6 model 158 stepping 9, cmov, cx8, fxsr, mmx, sse, sse2, sse3, ssse3, sse4.1, sse4.2, popcnt, avx, avx2, aes, clmul, erms, 3dnowpref, lzcnt, tsc, tscinvbit, bmi1, bmi2, adx, fma

Memory: 4k page, system-wide physical 8084M (2171M free)
TotalPageFile size 8084M (AvailPageFile size 120M)
current process WorkingSet (physical memory assigned to process): 10M, peak: 10M
current process commit charge ("private bytes"): 51M, peak: 179M

vm_info: OpenJDK 64-Bit Server VM (11.0.7+10-b765.53) for windows-amd64 JRE (11.0.7+10-b765.53), built on May 12 2020 04:38:25 by "" with MS VC++ 14.0 (VS2015)

END.
